<?xml version="1.0" encoding="UTF-8"?>
<!-- Generated by org.testng.reporters.JUnitXMLReporter -->
<testsuite ignored="0" hostname="Uncodemy" failures="0" tests="3" name="Default test" time="0.101" errors="0" timestamp="2023-09-16T15:56:20 IST">
  <testcase classname="Sajid.Mavenproject.Practise" name="testMethod" time="0.015"/>
  <testcase classname="Sajid.Mavenproject.Practise" name="testMethod1" time="0.003"/>
  <testcase classname="Sajid.Mavenproject.Practise" name="testMethod2" time="0.002"/>
</testsuite> <!-- Default test -->
