<?xml version="1.0" encoding="UTF-8"?>
<testng-results ignored="0" total="3" passed="3" failed="0" skipped="0">
  <reporter-output>
  </reporter-output>
  <suite started-at="2023-09-16T15:56:20 IST" name="Default suite" finished-at="2023-09-16T15:56:20 IST" duration-ms="101">
    <groups>
    </groups>
    <test started-at="2023-09-16T15:56:20 IST" name="Default test" finished-at="2023-09-16T15:56:20 IST" duration-ms="101">
      <class name="Sajid.Mavenproject.Practise">
        <test-method signature="testMethod()[pri:0, instance:Sajid.Mavenproject.Practise@1623b78d]" started-at="2023-09-16T15:56:20 IST" name="testMethod" finished-at="2023-09-16T15:56:20 IST" duration-ms="15" status="PASS">
          <reporter-output>
          </reporter-output>
        </test-method> <!-- testMethod -->
        <test-method signature="testMethod1()[pri:0, instance:Sajid.Mavenproject.Practise@1623b78d]" started-at="2023-09-16T15:56:20 IST" name="testMethod1" finished-at="2023-09-16T15:56:20 IST" duration-ms="3" status="PASS">
          <reporter-output>
          </reporter-output>
        </test-method> <!-- testMethod1 -->
        <test-method signature="testMethod2()[pri:0, instance:Sajid.Mavenproject.Practise@1623b78d]" started-at="2023-09-16T15:56:20 IST" name="testMethod2" finished-at="2023-09-16T15:56:20 IST" duration-ms="2" status="PASS">
          <reporter-output>
          </reporter-output>
        </test-method> <!-- testMethod2 -->
      </class> <!-- Sajid.Mavenproject.Practise -->
    </test> <!-- Default test -->
  </suite> <!-- Default suite -->
</testng-results>
